Build started 8/06/2017 1:03:45.
     1>Project "C:\Users\Colin\Desktop\Colin_Cooreman_2DAE4_Prog4\TimeBreakers\TimeBreakers.vcxproj" on node 2 (Build target(s)).
     1>ClCompile:
         C:\Program Files (x86)\Microsoft Visual Studio 14.0\VC\bin\CL.exe /c /I"C:\Users\Colin\Documents\Visual Studio 2015\Projects\TimeBreakers\lib\Fmod\inc" /Zi /nologo /W3 /WX- /sdl /O2 /Oi /Oy- /GL /D WIN32 /D NDEBUG /D _CONSOLE /D _UNICODE /D UNICODE /Gm- /EHsc /MD /GS /Gy /fp:precise /Zc:wchar_t /Zc:forScope /Zc:inline /Yc"stdafx.h" /Fp"Release\TimeBreakers.pch" /Fo"Release\\" /Fd"Release\vc140.pdb" /Gd /TP /analyze- /errorReport:prompt stdafx.cpp
         stdafx.cpp
     1>c:\users\colin\desktop\colin_cooreman_2dae4_prog4\timebreakers\targetver.h(8): fatal error C1083: Cannot open include file: 'SDKDDKVer.h': No such file or directory
     1>Done Building Project "C:\Users\Colin\Desktop\Colin_Cooreman_2DAE4_Prog4\TimeBreakers\TimeBreakers.vcxproj" (Build target(s)) -- FAILED.

Build FAILED.

Time Elapsed 00:00:00.71
